<?xml version="1.0" encoding="UTF-8" standalone="no"?>
<testsuite failures="0" name="cucumber.runtime.formatter.JUnitFormatter" skipped="0" tests="2" time="34.86393">
    <testcase classname="Regression Test2" name="Login as a authenticated user" time="19.312686">
        <system-out>
            <![CDATA[Given user is  on homepage..................................................passed
When user navigates to Login Page...........................................passed
And user enters username and Password.......................................passed
Then success message is displayed...........................................passed
]]>
        </system-out>
    </testcase>
    <testcase classname="Regression Test4" name="Login as a authenticated user" time="15.551244">
        <system-out>
            <![CDATA[Given user is  on homepage..................................................passed
When user navigates to Login Page...........................................passed
And user enters username and Password.......................................passed
Then success message is displayed...........................................passed
]]>
        </system-out>
    </testcase>
</testsuite>
